FEAST/app/build/intermediates/manifest_merge_blame_file/debug/manifest-merger-blame-debug-report.txt
1<?xml version="1.0" encoding="utf-8"?>
2<manifest xmlns:android="http://schemas.android.com/apk/res/android"
3    package="com.example.feastbackend"
4    android:versionCode="1"
5    android:versionName="1.0" >
6
7    <uses-sdk
8        android:minSdkVersion="21"
8-->src\main\AndroidManifest.xml
9        android:targetSdkVersion="31" />
9-->src\main\AndroidManifest.xml
10
11    <!-- Although the *SdkVersion is captured in gradle build files, this is required for non gradle builds -->
12    <!-- <uses-sdk android:minSdkVersion="14"/> -->
13    <uses-permission android:name="android.permission.ACCESS_NETWORK_STATE" />
13-->[com.google.firebase:firebase-database:20.0.3] AndroidManifest.xml:25:5-79
13-->[com.google.firebase:firebase-database:20.0.3] AndroidManifest.xml:25:22-76
14    <uses-permission android:name="android.permission.INTERNET" />
14-->[com.google.firebase:firebase-database:20.0.3] AndroidManifest.xml:26:5-67
14-->[com.google.firebase:firebase-database:20.0.3] AndroidManifest.xml:26:22-64
15
16    <application
16-->src\main\AndroidManifest.xml:5:5-21:19
17        android:allowBackup="true"
17-->src\main\AndroidManifest.xml:6:9-35
18        android:appComponentFactory="androidx.core.app.CoreComponentFactory"
18-->[androidx.core:core:1.7.0] AndroidManifest.xml:24:18-86
19        android:debuggable="true"
20        android:icon="@mipmap/ic_launcher"
20-->src\main\AndroidManifest.xml:7:9-43
21        android:label="@string/app_name"
21-->src\main\AndroidManifest.xml:8:9-41
22        android:roundIcon="@mipmap/ic_launcher_round"
22-->src\main\AndroidManifest.xml:9:9-54
23        android:supportsRtl="true"
23-->src\main\AndroidManifest.xml:10:9-35
24        android:testOnly="true"
25        android:theme="@style/Theme.FEASTBackend" >
25-->src\main\AndroidManifest.xml:11:9-50
26        <activity
26-->src\main\AndroidManifest.xml:12:9-20:20
27            android:name="com.example.feast.MainActivity"
27-->src\main\AndroidManifest.xml:13:13-58
28            android:exported="true" >
28-->src\main\AndroidManifest.xml:14:13-36
29            <intent-filter>
29-->src\main\AndroidManifest.xml:15:13-19:29
30                <action android:name="android.intent.action.MAIN" />
30-->src\main\AndroidManifest.xml:16:17-69
30-->src\main\AndroidManifest.xml:16:25-66
31
32                <category android:name="android.intent.category.LAUNCHER" />
32-->src\main\AndroidManifest.xml:18:17-77
32-->src\main\AndroidManifest.xml:18:27-74
33            </intent-filter>
34        </activity>
35
36        <service
36-->[com.google.firebase:firebase-database:20.0.3] AndroidManifest.xml:29:9-35:19
37            android:name="com.google.firebase.components.ComponentDiscoveryService"
37-->[com.google.firebase:firebase-database:20.0.3] AndroidManifest.xml:30:13-84
38            android:directBootAware="true"
38-->[com.google.firebase:firebase-common:20.0.0] AndroidManifest.xml:35:13-43
39            android:exported="false" >
39-->[com.google.firebase:firebase-database:20.0.3] AndroidManifest.xml:31:13-37
40            <meta-data
40-->[com.google.firebase:firebase-database:20.0.3] AndroidManifest.xml:32:13-34:85
41                android:name="com.google.firebase.components:com.google.firebase.database.DatabaseRegistrar"
41-->[com.google.firebase:firebase-database:20.0.3] AndroidManifest.xml:33:17-109
42                android:value="com.google.firebase.components.ComponentRegistrar" />
42-->[com.google.firebase:firebase-database:20.0.3] AndroidManifest.xml:34:17-82
43            <meta-data
43-->[com.google.firebase:firebase-storage:20.0.0] AndroidManifest.xml:33:13-35:85
44                android:name="com.google.firebase.components:com.google.firebase.storage.StorageRegistrar"
44-->[com.google.firebase:firebase-storage:20.0.0] AndroidManifest.xml:34:17-107
45                android:value="com.google.firebase.components.ComponentRegistrar" />
45-->[com.google.firebase:firebase-storage:20.0.0] AndroidManifest.xml:35:17-82
46        </service>
47
48        <provider
48-->[com.google.firebase:firebase-common:20.0.0] AndroidManifest.xml:26:9-31:39
49            android:name="com.google.firebase.provider.FirebaseInitProvider"
49-->[com.google.firebase:firebase-common:20.0.0] AndroidManifest.xml:27:13-77
50            android:authorities="com.example.feastbackend.firebaseinitprovider"
50-->[com.google.firebase:firebase-common:20.0.0] AndroidManifest.xml:28:13-72
51            android:directBootAware="true"
51-->[com.google.firebase:firebase-common:20.0.0] AndroidManifest.xml:29:13-43
52            android:exported="false"
52-->[com.google.firebase:firebase-common:20.0.0] AndroidManifest.xml:30:13-37
53            android:initOrder="100" />
53-->[com.google.firebase:firebase-common:20.0.0] AndroidManifest.xml:31:13-36
54
55        <activity
55-->[com.google.android.gms:play-services-base:17.1.0] AndroidManifest.xml:23:9-26:75
56            android:name="com.google.android.gms.common.api.GoogleApiActivity"
56-->[com.google.android.gms:play-services-base:17.1.0] AndroidManifest.xml:24:13-79
57            android:exported="false"
57-->[com.google.android.gms:play-services-base:17.1.0] AndroidManifest.xml:25:13-37
58            android:theme="@android:style/Theme.Translucent.NoTitleBar" />
58-->[com.google.android.gms:play-services-base:17.1.0] AndroidManifest.xml:26:13-72
59
60        <meta-data
60-->[com.google.android.gms:play-services-basement:17.0.0] AndroidManifest.xml:23:9-25:69
61            android:name="com.google.android.gms.version"
61-->[com.google.android.gms:play-services-basement:17.0.0] AndroidManifest.xml:24:13-58
62            android:value="@integer/google_play_services_version" />
62-->[com.google.android.gms:play-services-basement:17.0.0] AndroidManifest.xml:25:13-66
63
64        <provider
64-->[androidx.emoji2:emoji2:1.0.0] AndroidManifest.xml:26:9-34:20
65            android:name="androidx.startup.InitializationProvider"
65-->[androidx.emoji2:emoji2:1.0.0] AndroidManifest.xml:27:13-67
66            android:authorities="com.example.feastbackend.androidx-startup"
66-->[androidx.emoji2:emoji2:1.0.0] AndroidManifest.xml:28:13-68
67            android:exported="false" >
67-->[androidx.emoji2:emoji2:1.0.0] AndroidManifest.xml:29:13-37
68            <meta-data
68-->[androidx.emoji2:emoji2:1.0.0] AndroidManifest.xml:31:13-33:52
69                android:name="androidx.emoji2.text.EmojiCompatInitializer"
69-->[androidx.emoji2:emoji2:1.0.0] AndroidManifest.xml:32:17-75
70                android:value="androidx.startup" />
70-->[androidx.emoji2:emoji2:1.0.0] AndroidManifest.xml:33:17-49
71            <meta-data
71-->[androidx.lifecycle:lifecycle-process:2.4.0] AndroidManifest.xml:31:13-33:52
72                android:name="androidx.lifecycle.ProcessLifecycleInitializer"
72-->[androidx.lifecycle:lifecycle-process:2.4.0] AndroidManifest.xml:32:17-78
73                android:value="androidx.startup" />
73-->[androidx.lifecycle:lifecycle-process:2.4.0] AndroidManifest.xml:33:17-49
74        </provider>
75    </application>
76
77</manifest>